<?xml version="1.0" encoding="UTF-8"?>
<!-- Generated by org.testng.reporters.JUnitReportReporter -->
<testsuite hostname="FFE-PraveenM-FFE171" failures="0" tests="2" name="DataDriven.eCommerce_TC1_fillForm" time="25.586" errors="0" timestamp="2024-12-01T11:46:53 IST" skipped="0">
  <testcase classname="DataDriven.eCommerce_TC1_fillForm" name="fillForm1" time="17.614"/>
  <testcase classname="DataDriven.eCommerce_TC1_fillForm" name="fillForm1" time="7.972"/>
</testsuite> <!-- DataDriven.eCommerce_TC1_fillForm -->
