<?xml version="1.0" encoding="UTF-8"?>
<!-- Generated by org.testng.reporters.JUnitReportReporter -->
<testsuite hostname="FFE-PraveenM-FFE171" failures="0" tests="1" name="GeneralStore.eCommerce_TC1_fillForm" time="16.122" errors="0" timestamp="2024-11-29T18:16:59 IST" skipped="0">
  <testcase classname="GeneralStore.eCommerce_TC1_fillForm" name="fillForm1" time="16.122"/>
</testsuite> <!-- GeneralStore.eCommerce_TC1_fillForm -->
