<?xml version="1.0" encoding="UTF-8"?>
<!-- Generated by org.testng.reporters.JUnitReportReporter -->
<testsuite hostname="FFE-PraveenM-FFE171" failures="0" tests="1" name="GeneralStore.eCommerce_TC4_SumOfTwoProduct" time="29.559" errors="0" timestamp="2024-12-13T12:40:47 IST" skipped="0">
  <testcase classname="GeneralStore.eCommerce_TC4_SumOfTwoProduct" name="AddToCart" time="29.559"/>
</testsuite> <!-- GeneralStore.eCommerce_TC4_SumOfTwoProduct -->
