<?xml version="1.0" encoding="UTF-8"?>
<!-- Generated by org.testng.reporters.JUnitReportReporter -->
<testsuite hostname="FFE-PraveenM-FFE171" failures="0" tests="1" name="GeneralStore.eCommerce_TC1_fillFormPositive" time="15.209" errors="0" timestamp="2024-12-16T10:40:19 IST" skipped="0">
  <testcase classname="GeneralStore.eCommerce_TC1_fillFormPositive" name="fillForm" time="15.209"/>
</testsuite> <!-- GeneralStore.eCommerce_TC1_fillFormPositive -->
