<?xml version="1.0" encoding="UTF-8"?>
<!-- Generated by org.testng.reporters.JUnitReportReporter -->
<testsuite hostname="FFE-PraveenM-FFE171" failures="0" tests="1" name="GeneralStore.eCommerce_TC1_fillForm" time="15.837" errors="0" timestamp="2024-12-02T20:56:41 IST" skipped="0">
  <testcase classname="GeneralStore.eCommerce_TC1_fillForm" name="fillForm1" time="15.837"/>
</testsuite> <!-- GeneralStore.eCommerce_TC1_fillForm -->
