<?xml version="1.0" encoding="UTF-8"?>
<!-- Generated by org.testng.reporters.JUnitReportReporter -->
<testsuite hostname="FFE-PraveenM-FFE171" failures="0" tests="1" name="GeneralStore.eCommerce_TC2_ToastMessage" time="9.899" errors="0" timestamp="2024-12-13T12:12:30 IST" skipped="0">
  <testcase classname="GeneralStore.eCommerce_TC2_ToastMessage" name="FillFormNegative" time="9.899"/>
</testsuite> <!-- GeneralStore.eCommerce_TC2_ToastMessage -->
