<?xml version="1.0" encoding="UTF-8"?>
<!-- Generated by org.testng.reporters.JUnitReportReporter -->
<testsuite hostname="FFE-PraveenM-FFE171" failures="0" tests="2" name="GeneralStore.eCommerce_TC2_ToastMessage" time="21.083" errors="0" timestamp="2024-11-29T10:22:06 IST" skipped="0">
  <testcase classname="GeneralStore.eCommerce_TC2_ToastMessage" name="FillFormNegative" time="14.900"/>
  <testcase classname="GeneralStore.eCommerce_TC2_ToastMessage" name="fillFormPositive" time="6.183"/>
</testsuite> <!-- GeneralStore.eCommerce_TC2_ToastMessage -->
