<?xml version="1.0" encoding="UTF-8"?>
<!-- Generated by org.testng.reporters.JUnitReportReporter -->
<testsuite hostname="FFE-PraveenM-FFE171" failures="0" tests="1" name="GeneralStore.eCommerce_TC2_ToastMessage" time="14.866" errors="0" timestamp="2024-12-03T08:57:52 IST" skipped="0">
  <testcase classname="GeneralStore.eCommerce_TC2_ToastMessage" name="FillFormNegative" time="14.866"/>
</testsuite> <!-- GeneralStore.eCommerce_TC2_ToastMessage -->
