<?xml version="1.0" encoding="UTF-8"?>
<!-- Generated by org.testng.reporters.JUnitReportReporter -->
<testsuite hostname="FFE-PraveenM-FFE171" failures="0" tests="1" name="GeneralStore.eCommerce_TC3_ScrollTillLastCountry" time="74.584" errors="0" timestamp="2024-12-13T16:32:13 IST" skipped="0">
  <testcase classname="GeneralStore.eCommerce_TC3_ScrollTillLastCountry" name="ScrollTillLastCountry" time="74.584"/>
</testsuite> <!-- GeneralStore.eCommerce_TC3_ScrollTillLastCountry -->
