<?xml version="1.0" encoding="UTF-8"?>
<!-- Generated by org.testng.reporters.JUnitReportReporter -->
<testsuite hostname="FFE-PraveenM-FFE171" failures="0" tests="2" name="DataDriven.Json$JSON_fillForm" time="24.857" errors="0" timestamp="2024-12-01T14:33:23 IST" skipped="0">
  <testcase classname="DataDriven.Json$JSON_fillForm" name="fillForm1" time="17.399"/>
  <testcase classname="DataDriven.Json$JSON_fillForm" name="fillForm1" time="7.458"/>
</testsuite> <!-- DataDriven.Json$JSON_fillForm -->
