<?xml version="1.0" encoding="UTF-8"?>
<!-- Generated by org.testng.reporters.JUnitReportReporter -->
<testsuite hostname="FFE-PraveenM-FFE171" failures="0" tests="1" name="GeneralStore.eCommerce_TC1_fillForm" time="15.618" errors="0" timestamp="2024-12-13T08:31:24 IST" skipped="0">
  <testcase classname="GeneralStore.eCommerce_TC1_fillForm" name="fillForm1" time="15.618"/>
</testsuite> <!-- GeneralStore.eCommerce_TC1_fillForm -->
